<?xml version="1.0" encoding="utf-8"?><testsuites><testsuite name="pytest" errors="0" failures="0" skipped="0" tests="29" time="1.219" timestamp="2025-12-19T00:46:49.191165-03:00" hostname="SA21324"><testcase classname="tests.requests.test_articles" name="test_list_articles" time="0.106" /><testcase classname="tests.requests.test_articles" name="test_show_article" time="0.019" /><testcase classname="tests.requests.test_articles" name="test_create_article" time="0.016" /><testcase classname="tests.requests.test_articles" name="test_create_article_validation_errors" time="0.012" /><testcase classname="tests.requests.test_articles" name="test_update_article" time="0.017" /><testcase classname="tests.requests.test_articles" name="test_delete_article" time="0.016" /><testcase classname="tests.requests.test_articles" name="test_count_by_author" time="0.020" /><testcase classname="tests.requests.test_auth" name="test_login_success" time="0.011" /><testcase classname="tests.requests.test_auth" name="test_login_requires_credentials" time="0.021" /><testcase classname="tests.requests.test_auth" name="test_login_handles_keycloak_error" time="0.011" /><testcase classname="tests.requests.test_auth" name="test_admin_profile_requires_bearer_token" time="0.020" /><testcase classname="tests.requests.test_auth" name="test_admin_profile_succeeds_with_role" time="0.011" /><testcase classname="tests.requests.test_auth" name="test_admin_profile_rejects_missing_role" time="0.012" /><testcase classname="tests.requests.test_authors" name="test_list_authors_includes_socials" time="0.022" /><testcase classname="tests.requests.test_authors" name="test_show_author_includes_articles_and_socials" time="0.030" /><testcase classname="tests.requests.test_authors" name="test_create_author" time="0.029" /><testcase classname="tests.requests.test_authors" name="test_author_validation_errors" time="0.012" /><testcase classname="tests.requests.test_authors" name="test_update_author" time="0.017" /><testcase classname="tests.requests.test_authors" name="test_delete_author" time="0.015" /><testcase classname="tests.requests.test_health" name="test_liveness_endpoint" time="0.011" /><testcase classname="tests.requests.test_health" name="test_up_endpoint" time="0.011" /><testcase classname="tests.requests.test_metrics" name="test_metrics_endpoint_returns_openmetrics" time="0.017" /><testcase classname="tests.requests.test_socials" name="test_list_socials" time="0.021" /><testcase classname="tests.requests.test_socials" name="test_show_social" time="0.014" /><testcase classname="tests.requests.test_socials" name="test_create_social" time="0.015" /><testcase classname="tests.requests.test_socials" name="test_social_validation_errors" time="0.011" /><testcase classname="tests.requests.test_socials" name="test_update_social" time="0.016" /><testcase classname="tests.requests.test_socials" name="test_delete_social" time="0.015" /><testcase classname="tests.requests.test_tech" name="test_tech_report_renders_html" time="0.206" /></testsuite></testsuites>